ser	Tanto na Suécia como na Alemanha tivemos conversações com as direcções dos respectivos partidos e fomos recebidos calorosa e fraternalmente .
ser	Em Postdam fomos saudados no Parlamento Regional por todos os Grupos e no jantar de despedida estiveram presentes alguns deputados social democratas , o que é também um testemunho do respeito e da influência que o PDS tem nesta região .
ser	Nem admira que seja assim : nunca fomos uma grande ou sequer média potência na área do cançonetismo comercial , nem temos condições para isso .
ir	Éramos todos jovens , precisávamos de trabalho e fomos para a Setenave.
ser	Nos últimos dias fomos bombardeados com notícias , comentários e entrevistas a propósito da reunião de Sintra dos Ministros dos Negócios Estrangeiros dos países da Nato .
ir	A janela estava realmente aberta , entrámos na casa , fomos à porta da escada , puxámos os trincos , podíamos sair .
ir	Visitamos cidades árabes como Nazareth , Jerusalém leste e fomos a Ramalá , a capital da nova Palestina .
ir	E fomos alertando os cidadãos , e acusando o PS e o seu Governo , de estarem a criar dificuldades acrescidas ao processo de regionalização e , eventualmente , a impedir que ele alguma vez se venha a concretizar .
ser	Antes pelo contrário : numa recente reunião no Governo Civil de Viseu , onde queríamos apresentar o nosso protesto contra o encerramento do serviço rodoviário Vouga-Dão , fomos confrontados com uma assessora que entregou à comunicação social um documento do conselho de gerência da CP onde se afirmava que os direitos das populações e dos trabalhadores estavam garantidos , quando isso não é verdade .
ir	Herdámos um planeta que fomos transformando , mas para o qual não pensamos só à dimensão do breve tempo que nos é possível viver .
ser	Penso que todos temos histórias comoventes sobre a forma como fomos acolhidos .
ir	Coincidindo com a comemoração do Ano Europeu Contra o Racismo -- lema que ficou associado a este concerto e que fomos buscar para título desta recensão -- este espectáculo tinha uma íntima ligação a essa comemoração na medida em que , de uma ou outra forma , todas as peças ali tocadas apresentavam na sua génese inspiradora elementos oriundos de uma profunda mescla e participação entre culturas musicais muito diversas .
ser	« Porque o Governo nada fez para a correcta aplicação da lei , fomos 'obrigados ' a negociar com as associações patronais e , aí , as últimas propostas apresentadas pelos patrões , estando ainda longe dos anseios e das exigências dos trabalhadores , admitem já horários inferiores às 42,5 horas actuais , embora não queiram acabar com o trabalho ao sábado » .
ser	Embora com as limitações conhecidas , nós , os conselheiros , vamos também contribuir nesse sentido , nomeadamente junto das comunidades onde fomos eleitos , para que as conclusões tenham expressão prática .
ser	A Fesete/CGTP reporta a um encontro que teve dia 12 com o secretário de Estado do Trabalho , Monteiro Fernandes , revelando que « fomos por ele informados de que as notícias não correspondiam ao conteúdo do projecto-lei em preparação e que o mesmo projecto de lei não resolve o conflito existente nas indústrias têxteis , de vestuário e calçado , que atinge ainda 190 mil dos 306 mil trabalhadores existentes » .
ser	Nos dias após as eleições , em títulos e manchetes fomos confrontados com proclamações arrasadoras .
ser	Por isso , cada vez que fomos agredidos não respondemos de forma violenta , mas recorremos à Comissão Nacional de Intermediação e à imprensa nacional e internacional » , acrescenta .
ser	Dos pais , com os genes , nas condições em que fomos paridos (em clínica de luxo ou entre duas tarefas) , em que crescemos , as casas , os familiares , os amigos , as ruas , os colegas , os/as professores/as , as escolas e as faltas delas .
ir	A adopção da directiva do ónus da prova foi igualmente uma das exigências que fomos concretizando ao longo do ano através da sua inscrição em diversos relatórios mas também das várias perguntas e insistências que fomos fazendo tendo como base o caso BCP .
ser	Depois , fomos nós , novamente pela via da investigação , que o tirámos de lá .
ser	A necessidade de mudar para continuarmos a ser o que sempre fomos Para um marxista , há noções ou conceitos essenciais.
ser	Da forma como exercemos as responsabilidades que nos foram atribuídas , ou de que fomos investidos , no Partido , na organização de massas , na autarquia ou Parlamento .
ir	40 horas semanais foi lançada no 1.º de Maio de 1989 e que , « com muita luta e determinação fomos conseguindo impor esse nosso objectivo » , o dirigente da CGTP reafirmou que « temos de continuar a lutar pelo .
ser	Carlos Carvalhas reafirmou o empenho do PCP em « demonstrar que , na nossa intervenção política quotidiana , nas iniciativas legislativas que apresentamos , fomos consequentes com o que dissemos nas campanhas eleitorais » , estando ao lado dos trabalhadores « nas empresas , na Administração Pública , nos seus protestos e na sua luta directa , mas também com eles na Assembleia da República , incorporando em lei , em projectos e propostas as suas justas aspirações , reivindicações e direitos » .
ser	Procuraremos demonstrar que na nossa intervenção política quotidiana , nas iniciativas legislativas que apresentamos fomos consequentes com o que dissemos nas campanhas eleitorais , com o que inscrevemos no nosso programa , que estamos com eles nas empresas , na Administração Pública nos seus protestos e na sua luta directa , mas também com eles na Assembleia da República incorporando em lei , em projectos e propostas as suas justas aspirações , reivindicações e direitos .
ir	Nos comentários que fomos ouvindo antes , pelos cafés , nas parcas sombras onde se abrigavam centenas de pessoas aguardando Carvalhas , o assunto era a visita de Guterres e do Governo , a demagogia das suas promessas e a indignação que estas .
ir	De grande sobressalto , de grande preocupação , o Partido a crescer , até que depois , enfim , fomos todos presos !
ir	E frui-la com ânimo sorridente de quem está seguro de que o planeta , terra e mar , é um bem que fomos elaborando ao longo de milénios , e que queremos continuar a elaborar , com a inteligência e o carinho de perceber que é nosso o que vamos construindo .
ir	Pelo que fomos entendendo , Teresa dÁvila não tinha objectivos definidos para a sua actuação à frente da empresa .
ser	Saberás que quando fomos raparigas , jovens , sempre nos defrontámos reprimindo a alegria de ser Mulher , com o direito inalienável a viver a sexualidade .
ser	Um Estado que restringe o direito da mulher a pôr termo a uma gravidez , no primeiro trimestre (e verás que fomos bem modestos e pelas 10 semanas nos ficámos) , esse Estado priva a mulher do direito a tomar as suas próprias decisões acerca da reprodução.
ser	Como não acontecia desde há muitos anos , fomos tratados com respeito .
ir	Quando nós , os que tínhamos apoiado este , nos fomos apresentar na candidatura do general a fim de lhe dar o nosso apoio prático e militante nas suas organizações , não nos aceitaram porque o general era deles !
ser	Não fomos nós que aproximámos as nossas propostas à filosofia fiscal do PS .
ir	Após umas voltas , lá deixámos as árvores todas muito bem vestidinhas contra o frio e fomos ver o último filme de Spielberg .
ser	Sabemos , porque disso fomos informados aqui há tempos , que Belmiro de Azevedo é um autêntico mouro de trabalho .
ir	Nos últimos dois anos fomos delineando um quadro indicador e a Conferência confirmou esse caminho .
ser	« Não temos gente suficientemente no terreno e fomos obrigados a reagrupar a nossa força de manutenção de paz , para a sua própria segurança » , acrescentou .
ser	Contudo , reconhece , que « se estamos nesta situação , nós também fomos .
ser	Não fomos os primeiros a tomar posição em relação a este concelho .
ser	EDP Fstiep/cgtp-in comenta declarações do presidente « Já estamos a pagar a privatização da EDP » « Só fomos surpreendidos pela rapidez com que os acontecimentos nos vieram dar razão » , afirma a federação , num comunicado que .
ser	Só fomos surpreendidos pela rapidez com que o próprio presidente veio provar a nossa razão.
ser	A única vez que fomos recebidos , foi em 96, quando pedimos uma audiência e entregámos uma moção , que alertava para os riscos da generalização do sistema das unidades capitalizáveis .
ir	Na Abóbada , concelho de Cascais , fomos ouvir o outro lado da deslocalização : os trabalhadores , sobre quem recaem os sacrifícios e as injustiças da desenfreada corrida mundial ao lucro mais rápido e mais fácil .
ir	E nós já tínhamos escrito uma carta da nossa comissão , para o caso de eles quererem tirar máquinas , que fomos logo entregar na Inspecção do Trabalho .
ser	A compreensão e o estudo da produção garrettiana é hoje , mais que ontem , porque também hoje , mais que ontem , Portugal está menos distante deste amante da liberdade , uma permanente fonte de elementos novos que relatam as contradições económicas , políticas , ideológicas e culturais de um momento histórico fundamental para a compreensão de quem fomos , de quem somos e de quem pretendemos ser .
ser	A compreensão e o estudo da produção garrettiana é hoje , mais que ontem , porque também hoje , mais que ontem , Portugal está menos distante deste amante da liberdade , uma permanente fonte de elementos novos que relatam as contradições económicas , políticas , ideológicas e culturais de um momento histórico fundamental para a compreensão de quem fomos , de quem somos e de quem pretendemos ser .
ser	Com a certeza de que as gerações vindouras , ao comemorarem futuros aniversários do PCP , dirão , com tão legítimo orgulho como os comunistas de hoje : fomos , somos e seremos comunistas .
ser	Durante a nossa visita fomos abordados pelo Centro de Cultura da Mesopotâmia , fundada por intelectuais turcos e kurdos , e que tinha sido alvo , dias antes da nossa chegada , de um assalto das forças de segurança que , sem darem qualquer justificação .
ir	Numa fase da vida em que ao muito já feito há que somar o muito ainda por fazer , fomos falar com Borges Coelho .
ir	Desde o ruir da ditadura até ao fim do colonialismo fomos deixando nele , de punho erguido , o nosso desejo de paz e também o que fraternalmente significa igualdade de direitos , na sua mais ampla expressão social .
ser	País transformou-se numa grande assembleia e arquitectos fomos todos .
ser	Eu trabalhava na clandestinidade ; comecei mais cedo , ele era jovem , e então fomos controlados e é claro que a gente andava a apanhar este e aquele , sabia-se pouco mais ou menos quem podia ser da organização ; o rapazito foi sempre inteligente , cheguei a ter aí um livro que lhe passei para ler , um livro que era em português mas foi escrito pelo Pedro Kropotkine .
ser	Nós , que fazemos parte dela , com ela mudamos e , se queremos transformá-la , temos de mudar por forma a podermos continuar a ser o que sempre fomos .
ser	Como um judeu alemão , Walther Benjamin , que viveu entre o marxismo e o messianismo judaico , dizia (algo que nesta exposição podemos entender) -- nós aprendemos a falar e a ver e percebemos que fomos esperados sobre a Terra .
ir	Quase em permanência , pelo menos nas diversas vezes que lá fomos para uma vista de olhos aos livros , ou para assistir a um esperado lançamento ou , ainda , para ver como decorriam as sessões de autógrafos , centenas de pessoas se aglomeravam em frente das largas mesas carregadas de livros .
ser	Em contacto com o embaixador de Portugal no Paquistão , Alexandre Vassalo , fomos informados que a comunidade portuguesa , composta por cerca de 50 pessoas , não corre perigo , estando perfeitamente integrada .
ir	E quando já na campanha para as legislativas ali fomos à Tabaqueira , contactar a comissão de trabalhadores , um dos jovens que teria votado anteriormente no PS , constatava o facto de João Cravinho e a Presidente da Câmara de Sintra terem visitado tão-só a Administração da empresa , ao contrário do PCP , que ali estava com eles a discutir problemas concretos da flexibilidade e da polivalência , lembrando-se que já nos conhecíamos lá da reunião com a Coordenadora das Comissões de Trabalhadores .
ser	Reduzir este património de prestígio e a influência do PCP junto dos trabalhadores a uma leitura instrumental da sua opção em cada acto eleitoral , porque fomos quem mais lutou por eles , mais e melhores propostas apresentou , mais combates travou pelos seus direitos (logo devem votar no PCP) , seria subestimar que fazemos isso porque é intrínseco à natureza deste Partido e constitui pedra angular do seu projecto transformador .
ir	Algumas acções que movemos em tribunal acabaram por nos dar razão e os problemas que fomos resolvendo .
ir	No outro dia de manhã fomos para lá só de camisa , apesar do frio » , diz Delfim Oliveira .
ser	Nós que fomos e somos um País com uma grande emigração , estamos em boas condições para compreender os problemas das diversas comunidades estrangeiras que aqui vivem e trabalham .
ser	Que , contra o prometido à exaustão , as desigualdades alcançarão níveis planetários nunca vistos , E.orque não fomos atingidos pela cegueira , temos nas nossas mãos a responsabilidade , não só de alertar , mas a de lutar contra ela .
ser	Ao nono dia fomos acusados , via E-mail , de termos delapidado o património e que não havíamos sabido aproveitar o local (esquecendo-se os ditos senhores que o constroem às nossas custas) .
ser	Expulsos das escadas do « paraíso » , fomos atirados para as portas das Torres de Lisboa .
ser	Mas nós não fomos consultados .
ir	Mas , nas condições especificas em que lutávamos , fomos engendrando as regras de segurança necessárias à defesa do Partido .
ser	Não temos nada para comemorar , sempre fomos escravos da terra .
ser	E tal como já referimos na conferência de imprensa que demos da apresentação da XIII Festa , a verdade é que também em todos estes anos , muitas foram as vezes em que fomos questionados por centenas de militantes do Partido e amigos da Festa , porque é que não fazíamos a Festa da Alegria ?
ser	Durante os 10 anos em que fomos a verdadeira oposição ao projecto de direita que governou (ou desgovernou ...) a cidade na década de 80 (e quando digo « nós » refiro-me , naturalmente , ao PCP no quadro da APU e , depois , da CDU) , demos um salto qualitativo muito importante : nunca fomos oposição só por ser oposição .
ir	E , em boa medida , esse projecto , esse programa eram aqueles que nós fomos construindo nos 10 anos em que nos opusemos à direita liderada pelo engenheiro Abecasis .
ser	Se calhar também fomos nós , com a nossa falta de força , que provocámos as manifestações dos « sem terra » e dos índios lá no Brasil , nas festas do tal « achamento » ...
ser	« Nunca fomos recebidos e continuamos a exigir uma reunião » explicou Carlos Gomes , do Sindicato dos Trabalhadores das Indústrias Metalúrgicas e Metalomecânicas de Coimbra e Leiria .
ir	Licínio de Carvalho , do executivo da Festa e responsável pela construção , esta zona , que fomos encontrar revolvida pelas máquinas , está a ser nivelada , criando-se quatro plataformas interligadas por seis escadarias e outro tipo de acessos .
ser	Depois , ao penetrarmos na sala de embarque fomos abordados por dois senhores muito altos e sem aspecto de portugueses .
ser	Afinal , fomos nós que tivemos o papel de esclarecer os estudantes , coisa que o Ministério tinha obrigação de fazer .
ser	Sempre fomos mais e sempre fomos minoria .
ser	Globalização também é isso mesmo : e não fomos nós que a inventámos .
ser	Mas fomos traídos .
ir	Em meados dos século XX , como consequência deste referido desinvestimento central fomos assistindo a uma erosão empresarial -- banca , seguros e unidades industriais -- , num processo de centralização cujos efeitos ainda se fazem notar .
ser	Para Macau fomos duas semanas , para Palmela fomos várias tardes .
ir	E fomos com os outros .
ir	« Já quase nos fomos convencendo de que não é possível conquistar o poder que a comunicação social representa » .
ir	Quando fomos à Assembleia da República , o grupo parlamentar do PS colocou muitas dúvidas .
ser	Por nós , desejosos de ser poupados a mais cenas tristes , trocávamos de bom grado a carta de Guterres ao Secretário-Geral da Nato por uma confissão mais honesta e verdadeira perante o país , algo do género « É verdade : na Nato , sempre fomos , somos e seremos um verbo de encher .
ser	« Encontrávamo-nos na Agora da CCE e fomos encurralados por 200 polícias , mas saímos pacificamente para demonstrar que não viemos provocar violência , mas sim lutar de forma pacífica em benefício de todos » , afirmou o presidente da Confederação de Nacionalidades Indígenas do Equador (CONAIE) , Antonio Vargas , citado pelo jornal « La Hora » .
ser	Durante os anos que antecederam as recentes vagas privatizadoras , fomos bombardeados com gigantescas campanhas para nos convencer das virtudes da gestão privada .
ir	Sucedem-se uma às outras desde tempos remotos e graças à sua constância também nós fomos crescendo .
ir	Ainda fomos , mais recentemente , entendendo , enquanto foi sendo completada a cartografia do genoma humano , que se vai tornando também mais claro estar a inquirição por esta via acerca da essência humana condenada a falhar -- de facto , aquilo a que se chega , cada dia mais , é à negação da especificidade humana , à unidade profunda de toda a Vida de que nós somos parte .
ser	Inspirados no exemplo de milhares de homens , mulheres e jovens que construíram este Partido , empenhados em prosseguirmos nesse caminho a que tantos dedicaram a sua inteligência , a sua coragem e determinação , a sua vida , confirmamos , 80 anos depois , como ficou claro no XVI Congresso do PCP , que fomos , somos e seremos comunistas .
ser	Em 1940, fomos libertados alguns , devido a uma amnistia por ocasião dos centenários da independência de Portugal , e trouxemos a orientação para não nos ligarmos à direcção no interior .
ser	Ainda recentemente fomos confrontados com o facto da multinacional americana que patenteou o AZT na luta contra a Sida , se ter queixado do Brasil ao seu governo , por neste país se estar a produzir medicamentos genéricos do AZT que permitem tratar gratuitamente mais de 150 mil doentes infectados .
ir	As divergências que eu fui tendo com ela enquanto adjunto vieram a consubstanciar-se em algumas discussões que fomos travando ao longo dos tempos , até que , há dois meses atrás , a presidente da Câmara exonerou-me do cargo , alegando falta de confiança política na minha pessoa .
ir	Numa conversa amena com um brasileiro , fomos dizendo que aqui , em Portugal , há um Partido em que os militantes eleitos entregam o dinheiro das senhas de presença para uma Associação de autarcas e os deputados da Assembleia da República recebem apenas o que receberiam se continuassem nas suas empresas e empregos .
ser	Eu e uns quantos fomos instalados na sala nº. 4 .
ir	Se as coisas correm bem , é muito bom chegar ao final e pensar que saiu tudo das nossas mãos , que todos aqueles bocadinhos de coisas que fomos construindo aos poucos tiveram um resultado e que as pessoas gostaram .
ir	Mais tarde , aos poucos -- ou antes , aos muitos -- , percebeu-se que as partículas do núcleo dos átomos também eram , elas próprias , compostas por outras partículas « mais » elementares , os quarks , e fomos sabendo , também da existência de várias outras partículas elementares .
ir	Cumprimos os objectivos com que nos apresentámos e fomos mais além » .
ir	Para combater o atraso do concelho , João Vieira entende ser necessário afirmar « uma alternativa credível , alicerçada num gigantesco património autárquico reconhecido por muitos mas também num intenso trabalho local através do qual fomos intervindo regularmente » , nas Juntas de Freguesia e na Assembleia Municipal .
ser#	Apesar das manobras e das pressões , o presidente da autarquia lembrou que « fomos capazes de desenvolver e concretizar o nosso programa eleitoral , de honrar os nossos compromissos , fomos capazes , uma .
ser#	lembrou que « fomos capazes de desenvolver e concretizar o nosso programa eleitoral , de honrar os nossos compromissos , fomos capazes , uma vez mais , de fazer mais e melhor , fomos capazes de defender os interesses e anseios .
ser#	de honrar os nossos compromissos , fomos capazes , uma vez mais , de fazer mais e melhor , fomos capazes de defender os interesses e anseios legítimos das populações » .
ir	« E. bom dizer , por ser verdade , que se não fomos mais além foi por fortes constrangimentos financeiros e por métodos de diversão de organismos do Poder Central » .
ser	Uma outra companheira , Marina Jovanovic , de 15 anos , confirma que « de repente ouviu-se um zumbido , um estrondo terrível , fomos atiradas pelo ar .
ser	Foi a juventude CDU que escolheu e fomos todos que decidimos » disse o candidato , que referiu a seguir que « na Covilhã , o poder local , dominado pelo PS e pelo PSD em continuada alternância , não tem tratado a todos por igual , sendo os jovens , todos eles e em especial os das freguesias rurais , a sentir a marca da exclusão que os atira para fora das suas terras , dos seus amigos e para longe das suas famílias » .
ser	A par disto , em áreas fundamentais para a qualidade de vida dos cidadãos , como o ordenamento do território , o ambiente , a educação , o apoio a idosos , « fomos pioneiros » , assegurou .
ir	A Festa é desde o princípio um marco de prestígio , porque fomos para sítios onde ninguém imaginava que se pudesse fazer qualquer coisa .
ir	« Cumprimos e , por vezes , fomos mais longe em relação aos nossos compromissos » , afirma a CDU .
ser	Ora , uma tarde , jogámos em Manchester , com o « Bradford » , e fomos batidos , por 8-2 .
ir	Os erros , os atrasos e os caprichos , pagam-se com língua de palmo , nos casos de jogo , mormente nas condições da natural inferioridade com que luta para além das fronteiras , a despeito de todos os esforços e de toda a acuidade dos nossos representantes diplomáticos , como aquele magnífico e amabilíssimo Cônsul , Dr. Melo Barreto que fomos encontrar em boa hora na simpática Corunha , ou daqueloutro colega em Vigo , capacíssimo de resolver dificuldades até nas profundezas do ...
ser	A entidade é que fomos derrotados , clara e justamente , por adversários que nos foram superiores , sob todos os aspectos .
ser	Má , sim , afigura-se a sensação de termos sido ultrapassados por aqueles que , nos domínios do futebol moderno , começaram depois de nós e , antes , haviam experimentado vicissitudes e crises a que fomos poupados ...
ser	A nossa recusa tem apenas este alcance , além de que ela envolve também a certeza de que não resulta qualquer prejuízo para o futebol nacional , tão certo ser que não falta quem queira ou possa desempenhar , até com maior vantagem , os cargos para que fomos solicitados .
ser	A prova está , em que ao ocuparmos o cargo de seleccionador nacional , fomos objecto da crítica mais baixa e insultuosa que imaginar se pode no seu jornal .
ser	Nós fomos os que mais vibrámos , dos que mais sofremos , dos que mais tristes ficámos .
ir	Neste trajo fomos encontrar os louros galeses a passear pelo parque do Estoril .
ser	Desde logo , nos sentimos o mais à vontade possível e , sem perder tempo , iniciámos o nosso trabalho de recolha de elementos sobre os jogadores que iam defrontar , pela primeira vez , a nossa equipa nacional , no que fomos auxiliados pelos nossos colegas de jornalismo : John Graydon , do « Kemsley Newspaper » ; Dennis Busher , do « Daily Herald » e Dewi Lewis , do « Western Mail Cardiff » .
ir	Após o jogo fomos à cabina dos nossos visitantes .
ser	Todavia , deixou escapar algumas faltas graves , no que fomos mais beneficiados .
ser	Esquecemos a bola , o Racing , o Sporting e fomos uns breves instantes suave recordação de Afonso Daudet , num dos mais belos , lances que o génio humano tem criado .
ser	É que nos lembramos de que , apesar de tudo , fomos bastante superiores aos espanhóis , há poucos dias ainda .
ser	Mas marcaram rigorosamente , fecharam quase hermeticamente a sua baliza , o que , praticamente , significa eficiência táctica , pormenor em que fomos superiores , se referirmos ainda o maior poder de penetração do pouco inspirado ataque benfiquista .
ser	Não compreendo os motivos -- declarou Carlsson -- porque eu e os meus camaradas que jogam presentemente em clubes italianos , fomos postos de lado pela Federação Sueca .
ir	Infelizmente , as nessas esperanças de ver sítios bonitos , de gozar o Sol de Maio da Itália , foram-se abaixo , pois encontrámos aquelas chuvadas que conhece-mos durante o Verão na Inglaterra e tivemos três dias de chuva constante Enquanto nos víamos obrigados a não sair do hotel , fomos reconhecendo que quanto mais chovesse mais propício para nós ficaria o campo de jogo .
ir	Ontem , despontava ainda o sol , fomos até Marvila , com a incumbência de « traçar » para os nossos leitores a imagem curta e rápida do que ali têm sido as sessões de preparação para a próxima época , que dentro de dias dealbará -- para regalo dos olhos e entretenimento de conversas dos milhares de servidores de sua majestade , o Futebol .
ser	Afirmamo-lo , com a mesma convicção e boa intenção idêntica aquelas com que fomos dos primeiros a colocar em realce as qualidades que levaram , na temporada passada , outros dois alcantarenses à selecção nacional ...
ser	Apesar de tudo isto , ontem , fomos coagidos a prender os olhos à sorte do Guimarães , no jogo em que , nas Antas , defrontou o Porto .
ser	Sempre que vim nunca fomos derrotados .
ser	Tanto em Coimbra como em Alvalade , fomos nitidamente superiores em todos os aspectos .
ir	Assim , fomos nós falar com « seu » Brandão , que o treinador do São Paulo .
ir	Do lado de cá , fomos ter com Fernando Vaz , que é homem que desfruta aqui de grande popularidade e de grande respeito por parte da « torcida » .
ser	Julgo que a perdemos nas Antas , pois , nesse jogo , não fomos mesmo nada felizes .
ser	Em alguns lances do logo , fomos afortunados .
ser	Sabemos que todos nós temos muita responsabilidade , com o que fomos capazes de fazer , na evolução do futebol no Mundo .
ser	Queremos conquistar também a Taça , para encerrarmos uma época brilhante e provar que fomos superiores a todos os outros ...
ir	Findo o treino , fomos à cabina saber se os valorosos atletas estão esperançados em vencer o Campeonato que disputam , qual o jogo que se lhes apresenta mais difícil nesta fase e também , se esperam vencer o jogo com o Barreirense .
ir	Tal como sucedeu nas vésperas de encontro realizado há algumas semanas no Barreiro , fomos mais uma vez ao campo do Oriental assistir ao treino da equipa , que desta vez constou de uma lição de ginástica seguida de um jogo-treino entre a defesa e o ataque da categoria de honra , sendo as várias fases dirigidas pelo treinador Josef Szabo .
ser	Em Santo Amaro fomos surpreendidos pelo entusiasmo dos casapianos , que pareciam dispostos a repetir a proeza de oito dias antes .
ser	Para nós que fomos uma das vítimas do « cataclismo dos nove » , não tem .
ser	Quando entrámos no hotel fomos assaltados pelos jogadores do país vizinho , já nossos conhecidos da visita que lhes fizemos no Escorial , que procuraram , avidamente , saber quais as alterações verificadas na nossa equipa .
ir	Assim , fomos , na última 3ª feira , ao campo do Sporting e lá encontrámos Pacheco , que por estar magoado assistia ao treino .
ser	Todavia , não hesito em reafirmar que não fomos felizes com o resultado alcançado , pois perdemos , como se recordará , por 2-4, tendo jogado de forma a não merecer tal diferença no marcador .
ir	Ao fim e ao cabo do período que fomos passar ao Campo Grande , na manhã de anteontem , ficámos com a certeza de que o Benfica estará mais uma vez bem representado pelo nucleo de atletas com que conta , para o que talvez tenha contribuído isto que o « Chico Ferreira » nos dizia , à saída , ao dirigir-se para o seu pequeno carro .
ser	Antes de iniciado o treino , fomos convidados pelo Sr. Manuel Viana , director do campo , a visitarmos as instalações , que estão presentemente com óptimo aspecto .
ir	Aproveitando o interesse que a partida com o Benfica está a despertar na capital do Norte , fomos assistir ao treino de anteontem no campo « Eng. Vidal Pinheiro » , para ouvir a opinião dos jogadores e do treinador Pereyra .
ir	Sem distinção de nomes , fomos registando : Alvo , António da Luz : Olhanense , 3-1; Catinana : Olhanense , 4-1; Marques : Olhanense , 3-2: Pacheco : Forense , 2-1; Vicente : Olhanense , 1-0; Coelho : Olhanense , 2-1; Manuel Afonso , 0-0; José da Luz : Olhanense , 2-0; Luz Guerreiro : Olhanense 3-0 .
ir	Aproveitando o momento em que o correcto jogador saía dos vestiários , após o jogo « Ferroviários » operário , fomos ao seu encontro e desfechámos-lhe logo a primeira pergunta .
ir	Na terça-feira dia de treino na Tapadinha , fomos até lá a fim de levarmos a bom termo a tarefa a que nos propusemos .
ser	Chegados à segunda « casa » , da maioria dos moradores da zona oriental de Lisboa , fomos , amavelmente recebidos na sala da direcção , onde depois de interrogarmos um categorizado dirigente obtivemos a seguinte resposta .
ser	O Vila Real de resto ganhou bem , e , tal como em Espinho , fomos fidalgamente recebidos ...
ir	Depois a pouco e pouco fomos colhendo mais opiniões .
ser	Não fomos felizes , pois com o « quadro » , completo talvez não tivéssemos perdido .
ser	Mas desta vez , não posso deixar de afirmar que fomos muito infelizes .
ir	Há tempos fomos ao Pavilhão ver os moçambicanos e então proporcionou-se a ocasião para ouvirmos Costa Pereira , do Ferroviários e Fernando Laje , do mesmo clube , dois excelentes futebolistas , além de magníficos jogadores de basquetebol , qualidade em que nos visitaram integrados na embaixada ultramarina de Lourenço Marques .
ser	Mereceram , indiscutivelmente , a vitória -- Afirmo mesmo que nos foram superiores em tudo , menos num aspecto : tecnicamente , não lhes fomos inferiores , pelo contrário .
ser	O meu clube não se conforma e levaremos até à última instância todos os recursos que estiverem ao nosso alcance , não só para impugnar a sanção disciplinar que nos foi imposta , no decorrer de um processo em que não fomos ouvidos , como também contra a decisão da não homologação do resultado e , consequentemente , a repetição do jogo , amanhã , em Barcelos , onde o Vianense vai alinhar , mas , até por uma questão de ética desportiva , sem prejuízos dos recursos que irá interpor .
ser	Nos últimos dez minutos do tempo regulamentar não estivemos tão bem , mas o prolongamento correu-nos de feição e fomos felizes nas grandes penalidades .
ser	Não fomos felizes .
ser	O central academista não concorda porque « quer num quer no outro tempo , fomos superiores e tivemos momentos de bom futebol .
ser	Eles foram rápidos e agressivos Nós não fomos muito móveis ...
ser	Já tinha alertado para a qualidade do seu conjunto , com futebolistas fisicamente fortes , bons jogadores no aspecto técnico , e que hoje tiveram a vantagem de serem mais agressivos em termos defensivos , enquanto nós não fomos suficientemente móveis .
ser	A exibição da segunda parte agradou mais ao técnico português , que fala mesmo de injustiça no resultado final : « Na segunda parte fomos melhores , mas não tivemos inspiração e talento para chegar ao golo .
ser	Na segunda parte fomos sempre uma equipa descontraída , tranquila , que aproveitou naturalmente a ambição do adversário ter tentado dar a volta ao jogo .
ser	Controlámos bem o jogo , mas fomos sérios na 1ª parte e menos sérios na 2ª , esta é uma mensagem que deverá ser transmitida aos jogadores , pois qualidade não lhes falta .
ser	Aliás , se alguém mereceu ganhar o jogo fomos nós , começou por afirmar o técnico espanhol .
ser	Rogério Gonçalves (treinador do Varzim) : « Sabíamos das dificuldades que a Naval nos ia criar com a mudança de treinador , mas fomos inteligentes .
ser	Não fomos inferiores ao Sporting e penso que o empate é um resultado que se ajusta .
ser	Penso que fomos a equipa mais atacante .
ser	Tentámos subir à procura do empate , mas fomos contrariados por um golo ainda mais esquisito .
ser	Todavia , fomos superiores e justificámos outro resultado .
ir	Como já é do conhecimento público , fomos entregar o ante-projecto directamente ao Sr. ministro das Obras Publicas .
ser	Foi um jogo de futebol , e fomos nós eliminados , mas isso também poderia ter acontecido com o Estoril .
ser	Falei , na época passada , em falta de respeito , porque os erros foram sucessivos e fomos muito lesados .
ser	Acho que merecemos ser campeões , porque fomos regulares e dinâmicos .
ir	Ganhámos no último minuto a Malta e depois fomos à Alemanha vencer com aquele golo do Carlos Manuel .
ser	Homens da frente não abundam no Estoril e , por isso , fomos obrigados a pensar mais em ganhar um ponto » .
ir	No entanto , com o passar do tempo fomos ganhando credibilidade e os bons resultados que temos feito , aliados às boas exibições , têm cativado o interesse dos nossos adeptos .
ir	Portanto não foi pelo fato de conhecerem as regras mais do que os brasileiros que fomos buscar os ingleses .
ser	Ao lá chegarmos , fomos , como aliás tem acontecido sempre , recebidos cordialmente por todos os jogadores e pelo técnico e Benito Diaz .
ir	Aquela moça loura , de « sweater » azul , chorava , convulsivamente e dizia muitas vezes : « Por que fomos perder ?
ir	« Por que fomos perder » ?
ser	Como se dizer que fomos vítimas do melhor jogo dos adversários se era nossa obrigação iniciar o prélio inflamados como o fizemos contra os suecos e espanhóis .
ser	Admito que não fomos bem .
ser	Mas lutamos e fomos campeões .
ir	O que eu e Zagalo fomos perguntar é por que ele não descontou um minuto sequer .
ser	Felizmente fomos nós -- disse Zagalo , todo eufórico no vestiário alvinegro , onde os jogadores receberam na hora NCR$ 500,00, ficando os restantes NCR$ 500,00 para serem pagos esta semana , como afirmou o Diretor de Futebol Djalma Nogueira .
ser	Evidentemente , fomos vítimas de várias contusões que evitaram a utilização de Volmir , Joãozinho , Flecha e outros jogadores no primeiro jogo da Taça de Prata .
ser	Para chegarmos a essa dinâmica , meu cara , teríamos de iniciar os treinamentos quando fomos surpreendidos pela velocidade do futebol europeu , em 1966 na Inglaterra .
ser	Até quando perdemos de 4 a 0 para o Bangu fomos melhor em campo .
ser	Quem mais procurou o gol naquele dia fomos nós e poderíamos ter ganho , mesmo sem Pelé e sob o choque de sua contusão -- diz Zagalo .
ser	Katchalin frisou que « vencemos porque fomos melhores em tudo e não só porque anulamos Van Hismt " .
ser	Já por três vezes nossa defesa cometeu este pecado e fomos castigados com os passes laterais entre os quatro zagueiros .
ir	Nos criticaram , nos torpedearam , mas fomos lá e vencemos .
ser	O que fomos criticados , torpedeados , injustiçados ...
ser	Apenas fomos infelizes nas conclusões -- admitiu o técnico .
ir	Assim , fomos superando adversários considerados teoricamente mais fortes .
ser	Joel Santana , mesmo sendo criticado , me bancou em 97 e juntos fomos campeões .
ir	Só que nós também fomos pra cima .
ser	Pagamos o preço justo pela mentalidade mesquinha de Luis Felipe , que no final dizia que perdemos porque não fomos malandros , não fizemos cera , entre outras coisas .
ser	Todos deixaram o Estadual , no qual não fomos tão bem , ofuscar o Rio-São Paulo .
ser	Autuori pediu para jogarmos pelas pontas mas , por causa deste meu defeito , acabamos afunilando pelo meio e assim não fomos capazes de chegar ao gol ', disse .
ser	A única declaração de Reinaldo após o empate foi : " Não fomos felizes » .
ser	Também fomos prejudicados no jogo contra o Sorocaba .
ser	Depois de uma bela reação , fomos derrotados dessa maneira .
ser	Só temos a lamentar novamente a arbitragem , pois fomos prejudicados durante todo o campeonato .
ir	Nós estavamos caindo de cansaço , mas a confiança nele era tanta que fomos todos para a frente , até ganhar o jogo .
ir	Como fomos perder para um time onde o centroavante nem andar direito sabe ?
ser	sofrida pelo Coritiba diante do Atlético foi normal , « pois o quadro mineiro jogou em casa nós não fomos muito bem » , explicou .
ser	Mais duas rodadas e estará encerrado o campeonato profissional da Serie Vermelha , da qual fomos participantes .
ir	Salmos do Pacaembu , pela segunda vez acabrunhados e desalentados com o resultado da peleja , pois quando para lá fomos , escavamos confiantes de que iríamos ver os nossos jogadores pelo menos bisarem o feito assinalado no Rio de Janeiro .
ser	Aliás nós , do Corintians , e o Fluminense , fomos os únicos a reclamar contra a lei do passe que prejudica os clubes .
ser	fomos acordados de madrugada por uma bateria de morteiros lançados por torcedores corintianos para atrapalhar o sono dos nossos jogadores » , contou Lapola .
ir	« Aceitamos o jogo deles e não fomos atrás do resultado positivo » , disse o técnico .
ser	também procurou o jogo , no entanto , nós é que fomos mais felizes » .
ir	Assim como fomos à Espanha em 82, à Itália em 90, a Atlanta em 94 e à França cm 98 .
ser	O lateral-esquerdo Misso concorda com Donizete e acrescentou : « Não se tira o brilho de jogadores como Denilson , Edílson e Petkovic , mas fomos melhores .
ser	« No Brasileiro de 99, quando eu treinava o Palmeiras , fomos derrotados por 2 a 0 pelo Gama no Parque Antártica » , alertou o treinador do Cruzeiro , para não correr riscos de uma nova surpresa em Belo Horizonte .
ir	A equipe não se portou como contra o Colo Colo , na qual tínhamos dez jogadores e mesmo assim fomos para o ataque .
ser	Ainda há tempo quando existem idéias e habilidade para confecionar uma fantasia para aquele baile de carnaval a que fomos voncidados à última hora .
ir	E lá fomos os dois para o posto seis .
ser	Cremos que fomos justos e que nenhuma das outras misses protestará contra o nosso julgamento .
ser	Ao que parece todos nós já fomos atacados , em uma fase da vida , pelo vírus da poliomielite , quase sempre na infância .
ser	Com efeito , fomos capazes de realizar campanhas das mais modernas e complexas , como foi a erradicação do Anopheles gambule do Nordeste , ou o controlo da febre-amarela , da peste e da malária em todo o país , e organizamos empreendimentos da envergadura da campanha nacional contra a tuberculose , e até hoje não promovemos nenhuma campanha de vulto contra a bouba em nenhum dos grandes focos nacionais .
ir	Por isso , fomos ouvir a palavra dos homens de lei e a dos religiosos .
ser	Posteriormente fomos informados de que a saúde geral é excelente , com aumento de oito quilos de pêso e desaparecimento de todos os sintomas .
ir	Pouco a pouco , fomos substituindo essa conduta por nova forma de atuação que denominamos de « interconsulta à semelhança do que era feito por Ferrari e Luchina (3) , na Argentina .
ser	Em numerosas ocasiões fomos solicitados para intervir em ocorrências de tal natureza e assim surgiu uma nova forma de abordagem -- as reuniões de « crise " .
ser	Há alguns meses fomos confrontados com as notícias da morte de várias crianças no Hospital Senhora da Oliveira , em Guimarães .
ser	Não fomos nunca cobardes e admitimos perfeitamente que o mal não escolha ; sabemos que a nossa vez de « fazer a mala » há-de chegar mas ...
ir	Pois há alguns anos sentimo-nos tão fracas que fomos ao médico .
ir	Mas , passadas umas semanas , quando fomos em sua procura , encontrámo-lo novamente encurvado , com um rictus de sofrimento , as pernas outra vez inchadas e dolorosas .
ser	Eu e a minha instituição fomos incluídos naquela categoria .
ser	Durante anos fomos postos em guarda contra o atletismo que , segundo a profissão médica , devia provocar um « coração atlético » .
ser	Isto é d esperar , porque fomos ensinados a crer que a nota de distinção consiste na moda e não no conforto .
ser	Ficamos cheios de admiração diante da infinita sabedoria manifestada na criação de semelhante mecanismo de comunicação , e dizemos com o salmista David , que fomos formados « de modo assombrosamente maravilhoso » .
ser	Por três dias fomos privados dos direitos elementares , fomos assediados pela Polícia e pelos Carabinieri (equivalente da GNR) , muitos foram agredidos , insultados e ameaçados .
ir	« Desde o 25 de Abril , que a Câmara de Felgueiras é governada pelo PS e , o que repetidamente fomos ouvindo foram promessas que , em muitos casos , continuam por realizar » , lembrou Luís Carlos Antunes , candidato da CDU à autarquia .
ser	Agradecemos à Direcção e aos militantes do PCP pela forma calorosa e fraterna como fomos acolhidos e tratados durante a nossa estadia em terras de Camões , esperando que as tradicionais relações de amizade , cooperação e solidariedade existentes entre o MPLA e o PCP continuem a seguir o ritmo de constante aprofundamento e consolidação .
ser	Nós , comunistas , sempre fomos contra o terrorismo .
ser	Em vez de 'comunidade internacional ', essa entidade juridicamente inexistente com que fomos matraqueados durante a guerra no Kosovo , os EUA impuseram agora o conceito de 'coligação anti-terrorista ' .
ser	Nós fomos contra evidentemente , percebemos que aquilo tinha outras coisas por trás , como se veio a verificar .
ser	Mas com o mesmo empenhamento fomos oposição firme e interventiva à política de direita e às suas medidas , fossem elas propostas pelo PSD e CDS-PP ou pelo PS e seu Governo .
ir	Quero também , saudar e sublinhar as diversas contribuições e reflexões para a melhoria do nosso programa , para o acerto e enriquecimento da nossa intervenção eleitoral que fomos colhendo ao longo dos diversos plenários e no debate vivo , interessado e participado desta nossa iniciativa .
ser	Essa conexão implica uma determinação histórica daquilo que fomos , ou vamos sendo , uma determinação das configurações concretas dos nossos valores e convicções , da nossa experiência da vida e do mundo , da nossa experiência e cultura políticas .
ser	Essa determinação não é mecânica nem total , não actua como uma fatalidade , o que dialecticamente permite que não fiquemos presos do que já fomos , e possamos , designadamente , continuar a aprender .
ser	É que o Ministério quer acabar com o isolamento ao nível escolar e , nesse âmbito , nós fomos distinguidos como exemplo de sucesso deste projecto » , salienta Paulo Felício .
ir	São quatro jovens e , tal como outros também envolvidos no projecto , participam a partir de uma inscrição no Instituto Português da Juventude , « fomos ao IPJ , soubemos da iniciativa , achámos interessante e inscrevemo-nos » , confirma Liliana Gonçalves .
ir	Mesmo não colocando de lado a ideia de que , no plano meramente técnico , algo de novo pode ser introduzido , o facto de se tratar de um plantel pouco extenso , brevemente privado do concurso de Marco Magalhães , jogador que vai cumprir o serviço militar obrigatório , não preocupa o treinador aveirense uma vez que « é nestes jogadores que eu acredito , quer nos que fomos buscar , quer nos que já cá estavam .
ser	Segundo conta Irene da Conceição , « fomos surpreendidos pelos indivíduos quando nos encontrávamos a descansar e , a minha primeira preocupação foi resguardar a minha filha que se encontrava a brincar lá fora » .
ser	Era assim que aqueles senhores , social-democratas , com quem nós fomos de uma lealdade total , tratavam uma coligação , em que , afinal , não acreditavam .
ir	E nós fomos de feira em feira , terra em terra , pessoa a pessoa e demos a volta .
ser	O meu próprio partido tem de fazer um caminho nesse sentido , mas é certamente dos três partidos democráticos o que terá de fazer o caminho mais curto , porque sempre fomos , mesmo nos momentos mais difíceis , o partido com maior dimensão ideológica e estrutura doutrinária .
ser	Na mesma linha de pensamento , Marques Mendes prosseguiu tecendo críticas àqueles que abandonaram o PSD quando este passou a ser oposição : « houve muitos que saíram para outras coisas quando fomos oposição , ou seja , quando o partido mais precisava de todos » .
ir	Surgiu agora a oportunidade de , « no terreno e no local , constatarem as questões que fomos apresentando » .
ser	O técnico do Beira Mar considera , no entanto , que « fomos deveras infelizes no jogo da primeira mão .
ir	« Tudo começou com uma brincadeira entre amigos unidos pela mesma paixão , a criação de aves e de um despretensioso encontro de cinco criadores fomos alargando o leque de participações e hoje a exposição abre com aves de cerca 30 criadores » , comentava ao nosso jornal Marco Cruz , um elemento da Associação directamente envolvido na organização e divulgação desta iniciativa .
ser	« Apenas fomos ultrapassados pelas Câmaras da Figueira e de Santa Maria da Feira , que têm o quíntuplo da população do nosso concelho » , disse Carlos Bento , em declarações ao Diário de Aveiro , sublinhando não ter dúvidas de que Vagos foi dos primeiros municípios portugueses a querer « entrar » neste processo .
ser	« Em Calvão , fomos prejudicados e , nessa altura , manifestamos o nosso desagrado , denunciando na Associação e no Conselho de Arbitragem tudo o que se ocorreu nesse jogo » , lembra a Direcção , que refere ainda as arbitragens dos jogos que o Mourisquense disputou em casa , com Oliveirinha , Valonguense e Bustos .
ser	Quanto ao resultado , « penso que fomos algo felizes na vitória , já que a Académica tem uma excelente equipa e bons jogadores .
ir	Posteriormente às eleições legislativas , fomos falar com o líder do PSD , solicitando que viesse a Aveiro .
ser	Certo é que « passaram-se os dias e não fomos convocados para qualquer tipo de encontro » , garante .
ser	« Na saúde fomos espoliados com a benção do Executivo e o ensino superior é , cada vez mais , uma miragem » , rematou .
ser	« Se há quem , nesta matéria nunca mudou , esse alguém fomos nós » , acrescentou .
ser	« Quando o mesmo se deu com a nossa região , não fomos compensados de forma nenhuma » , recordando que « Lisboa já tem projectados um novo aeroporto e uma nova ponte » .
ir	Ao longo dos tempos fomos acumulando competências , experiência , sabedoria e , depois , há todo um dinamismo desta classe empresarial que é verdadeiramente invulgar » .
ser	Reconhecendo que houve precipitação « devia ter havido mais cuidado » , acrescenta : « o nome da Vulcano deveria ter-se mantido e depois então solicitar uma « ajuda » extra , a exemplo do que foi feito na final da Taça de Portugal , onde fomos muito apoiados por esta empresa » .
ir	No segundo tempo , fomos gerindo a vantagem .
ser	« Ainda recentemente fomos acreditados como "Caso Exemplar de Modernização Administrativa Municipal 1999" , num concurso promovido pela Administração Central » .
ser	Este responsável não escondeu o orgulho que sente da instituição , afirmando de seguida que « fomos capazes de construir ideias , conceitos e ainda , a Primeira Escola de Gestão de Marketing do país » E.orque o tema central do encontro que termina hoje é « Gestão de Marketing , Profissão do Séc .
ser	Fazendo a análise ao acontecido , revelou o desejo de querer ajudar a equipa a ultrapassar mais um obstáculo , chamado Desportivo de Chaves « Perdemos pela primeira vez em casa , num jogo em que fomos manifestamente infelizes , principalmente na finalização , o que de certa forma facilitou as coisas ao adversário , que soube aproveitar uma ocasião de golo para se pôr em vantagem .
ser	Vamos defrontar uma equipa muito complicada , que nos venceu na primeira volta , num jogo onde fomos massacrados com faltas excessivamente ríspidas e mesmo violentas , onde o árbitro condescendeu .
ser	Começámos bem e , no cômputo geral , fomos mais regulares .
ser	« Penso que não temos grande motivo de orgulho sobre o nosso desempenho , uma vez que não fomos capazes de estabelecer uma plataforma mínima de entendimento sobre o que cada um de nós pensa do futuro da nossa cidade » .
ser	A terminar , Humberto Rocha clarifica que « é tempo deste Executivo camarário , ou o seu presidente , compreender que todos fomos eleitos para defender o bem-estar das populações do nosso município e daqueles que nos visitam » .
ser	O governador acrescentou ainda que « a preservação da nossa memória -- patente nos objectos expostos -- deve ser uma preocupação constante de todas as entidades » Santos Silva , presidente da Câmara Municipal da Murtosa , também não faltou à festa no Bunheiro e aproveitou a ocasião para enaltecer todo o trabalho desenvolvido em prol da freguesia , referindo que « é com todo o orgulho que vejo esta casa que esteve em ruínas a mostrar agora o que nós fomos e ainda continuamos a ser » .
ser	No segundo tempo , fomos mais colectivos e vencemos com justiça .
ser	Nós praticamente fomos pioneiros quando , em 1994, os pagamentos começaram a ser processados pelas caixas automáticas ; agora vamos outra vez ser praticamente pioneiros no sentido de , através dos meios digitais disponíveis , proceder a pagamentos on-line e tratar de qualquer assunto .
ser	Filipe Guerra , da Associação de Estudantes da Escola Secundária Dr. Jaime Magalhães Lima , explica que « não fomos ouvidos pelo Governo , e o Ministério da Educação tem que descer às escolas » .
ir	Contudo foi uma experiência benéfica e mesmo para nós dirigentes , fomos encontrar outras realidades no aspecto organizativo e fomos encontrar outra realidade no capítulo das infra-estruturas desportivas .
ser	Nós fomos alvos de críticas dessa natureza , mas as pessoas esquecem-se é que nós podemos ver muitos vídeos dum jogador , analisar muitas estatísticas dum atleta , agora há uma coisa que não podemos , que é o carácter e a capacidade de adaptação do clube e ao país .
ser	Mas nos restantes não fomos inferiores aos nossos adversários .
ser	Neste jogo , fomos claramente superiores , dominámos praticamente durante toda a partida e só um nervosismo , que até se compreende , nos impediu de alcançarmos uma justa vitória .
ser	Repare que houve outras equipas que tiveram razões de queixas no « play-off » , caso da Aveiro Basket contra a Ovarense , portanto não fomos só nós a ser prejudicados .
ir	« Mas , apesar das dificuldades iniciais , aos poucos fomos conquistando a sua confiança » Implementado , inicialmente , com o objectivo de acompanhar o realojamento das famílias do actual bairro piscatório em 112 novas habitações , problemas surgidos na disponibilização de terrenos alteraram o prazo inicial e , hoje , quatro anos volvidos , os trabalhos de construção ainda nem sequer se iniciaram .
ir	Mais tarde fomos encontrá-los a actuar dentro da tenda gigante situada na Praça da República , no stand da Câmara de Coimbra .
ser	Reclamaram porque « fomos convidadas a sair da Junta de Freguesia , pelo próprio presidente » e ainda porque não têm nenhuma explicação para os factos .
ir	Apesar de tudo , e isto porque « o importante é que haja saúde » , fomos encontrá-lo ontem com uma descontracção impressionante num café próximo , pagando rodadas a amigos .
ir	À hora prevista saímos da cidade de Cantanhede e fomos viver o momento histórico numa das aldeias mais afastadas do concelho : Corticeiro de Cima , uma freguesia localizada no limite do município com a vizinha vila de Mira , que , na altura , parecia estar alheada do fenómeno .
ser	Mas , a certa altura , estávamos então em Espanha , o carro avariou-se e fomos abordados por um polícia .
ser	Como não tínhamos passaporte fomos todos presos , durante um mês .
ir	No âmbito do trabalho que estamos a dedicar às 31 freguesias do concelho de Coimbra , fomos "sentir " Souselas : os anseios da população , as dificuldades e projectos da Junta de Freguesia , a análise da oposição local ; o caminho indicado por todos é "sempre a direito " rumo à requalificação ambiental .
ir	Com os Antigos Orfeonistas fomos à Madeira e Açores , finais da década de 80 -- e lembro que no Palácio dos Governadores (vetusta construção , então já recuperada após devastador terramoto em Angra do Heroísmo , Ilha Terceira) , congeminámos ambos (pedido seu) a ordem e as músicas que haviam de ser Serenata , nessa noite ...
ser	No passado , fomos moralmente próximos delas , não podemos negá-lo » .
ser	Os jogadores que estão a jogar são praticamente os mesmos do ano da subida e na altura fomos todos precisos .
ser	No final do dia fomos recompensados com uma subida histórica ao quarto posto , afinal um prémio que nos pode finalmente lançar em termos internacionais » , explicou Ruben Faria .
ser	Estávamos em Taibesse , conseguimos chegar ao farol , mas também ali fomos repetidamente atacados .
ir	Conseguimos sair a tempo e fomos para a casa das madres canossianas , onde ficámos uma noite .
ser	Só na quinta-feira é que fomos confrontados com o despejo , quando chegaram as máquinas acompanhadas por imensos polícias » .
ir	Foi no Campo Desembargador Costa Soares que fomos ao encontro de Gregório Freixo , que orientava mais uma sessão a cerca de 40 crianças ansiosas por aprender mais sobre futebol .
ser	Se recuarmos muitos anos , meia dúzia de anos , podemos dizer que fomos prejudicados , mas creio que as outras universidades podem dizer o mesmo .
ir	Tanto que nós ao longo do ano , com o funcionamento do gabinete de apoio à investigação científica , fomos chegando a conclusões semelhantes aquelas que ele apresentou na altura , e começámos já a trabalhar para corrigir algumas delas .
ser	« A.ível nacional fomos ingénuos em determinadas coisas , faltou consertação , não conseguimos criar muitas vezes uma linha de rumo » , afirmou , aludindo à manifestação realizada a 24 de Março em Lisboa .
ser	Qualquer momento de contestção tem altos e baixos e eu peguei na AAC num momento descendente e num ano não fomos capazes de o inverter .
ser	« Nunca fomos abertamente contra a co-incineração , nunca tivemos certezas » , disse .
ir	« Na altura houve muita luta , até física , com chapeladas à mistura , quando fomos todos para a Adémia desviar o autocarro para aqui » , lembra um dos mais empedernidos activistas pró-SMTUC , José Carvalho .
ser	Nós íamos calmamente na nossa mão , quando fomos ultrapassados em velocidade , já quase na curva , por esse automóvel .
ir	Claro que nunca fomos para as camas no corredor , mas esticámos um pouco a linha » , explica o professor .
ir	Sempre foi assim e todos os anos fomos aumentando 20 ou 30 o número de intervenções » , recorda , até chegar aos actuais recordes de produção , com sucesso e que culminaram na homenagem que os seus doentes fizeram ao Professor e à sua equipa no ano passado .
ser	Carlos Garcia adiantou mesmo que gostou mais « da exibição contra o Maia , que foi mais consistente e inclusive em Lamas , onde não fomos claramente felizes e acabámos por perder » .
ser	Na análise ao embate com a Naval , o técnico considerou que « fomos muito eficazes e gerimos bem todo o demérito do adversário .
ir	« Não dei conta de nada , acordaram-me » disse ao nosso jornal o dono da casa , que fomos encontrar na casa de uma filha .
ir	Por essa razão e também pela carreira positiva da Académica na II Liga , fomos entrevistar o "homem-forte " do futebol da Briosa .
?#	« Fomos roubados e agredidos , fomos para o médico e à polícia , a minha mulher ainda teve que ir para o Hospital de Leiria e agora « o que nos resta é ir ao juiz e esperar » .
ser	Por certo que algumas vezes não jogámos tão bem mas fomos mais realistas e no fundo , esta equipa acaba por ter um indice de produção bastante aceitável .
ser	Não tivémos capacidade de resposta no segundo tempo e fomos ainda penalizados por uma expulsão .
ser	Primeiro , porque fomos a « vaca leiteira » da antiga metrópole durante 2 séculos -- e parabéns , Portugal , por nos ter chuchado ; depois , porque em acréscimo à expansão económica , exterminaram-se « belicosos nativos » e importaram-se milhões de escravos da África -- e parabéns , Portugal , pelo genocídio e pelo tráfico negreiro ; e , mais adiante , porque as enormes desigualdades na distribuição de terras , da educação e de riquezas , ainda são consequência e sífilis das capitanias atlânticas e da política do Conselho Ultramarino -- e parabéns , Portugal , pelas injustiças e assimetrias !
ir	Quando o Carnaval entra na recta final de preparação , fomos ver como correm os trabalhos e descobrimos algumas novidades No estaleiro do Carnaval cheira a tinta , cola e madeira .
ser	Benilde Moita , responsável distrital e médica de saúde pública , explicou-nos que , no mesmo dia em que « fomos alertados para a existência de uma criança com meningite , o delegado de saúde se deslocou ao local , prescrevendo quimioprofilaxia a todos quantos estiveram em contacto com a criança , que frequentava um infantário » .
ser	A « integração da promoção da saúde no projecto educativo » seria , na opinião da primeira dama , um dos factores determinantes para melhorar os resultados , que demonstram actualmente « que ainda não fomos capazes de inverter , de forma evidente , as taxas de infecção » .
ir	Foi graças ao DC que eu e os meus colegas universitários nos fomos apercebendo de como a Universidade e a cidade foram crescendo » , acrescentou , frisando , no entanto , que houve momentos da História em que aquela instituição universitária se fechou "ao resto do mundo " .
ir	Aos poucos fomos ultrapassando essa situação e entrámos numa fase excelente , que nos permitiu chegar ao 3º. lugar com todo o mérito .
ser	Conseguimos reduzir para 2-1 e podíamos ter feito outro resultado , mas também fomos penalizados pelos erros que a equipa acumulou .
ser	Não fomos capazes .
ser	Em Chaves fomos extremamente felizes .
ser	Não fomos capazes de nos assumir na altura própria .
ser	Quero incluir , como é óbvio , toda a classe dirigente , mas fomos nós os profissionais que , na altura certa , não fomos capazes de ultrapassar as dificuldades que nos apresentaram essas duas equipas .
ser	Continuo a dizer que fomos os responsáveis com a derrota contra o Paços de Ferreira .
ser	« Não fomos nós quem preparou o "embuste " .
ser	Não fazemos diatribes ; nem fomos nós quem "forçou a teoria " … para justificar os factos .
ser	« A.iberdade de voto fomos nós (deputados de Coimbra) que a conquistámos » , disse , antes de denunciar « inverdades » na forma como alguns dirigentes do PS transmitiram aos jornalistas os resultados da reunião da Comissão Política Nacional do partido .
?#	« E.omos os dois que escolhemos , pai e mãe » , acrescentou .
ser	E isto « desde que recebemos a fé , desde que fomos baptizados e integrados na família dos filhos de Deus » .
ir	Se nunca jogou golfe ou se , pelo contrário , aprecia a modalidade mas não dispõe de um espaço na região de Coimbra , para praticar , anime-se : na Quinta das Lágrimas nasceu uma Academia de Golfe No meio de 10 hectares de jardins de árvores e espécies raras e exóticas fomos encontrar a jovem Academia de Golfe da Quinta das Lágrimas .
ser	João Luís Jesus acabou por lamentar , nesse caso , que « fomos ultrapassados » .
ir	Foi na Baixa de Coimbra que fomos falar com as pessoas sobre as suas férias .
ir	Com as novas estradas a funcionar como pólo dinamizador do desenvolvimento , João Reigota não hesita em dizer que « estamos a atravessar « uma revolução (em termos viários) , porque fomos muito além daquilo que pensávamos » .
ir	O vereador da Cultura da Câmara Municipal de Mira "acusa " « as belezas naturais e as boas condições que fomos criando » do sucesso grangeado pela praia nos últimos anos .
ir	Para isso o piloto tem-se preparado em Coimbra dividindo os treinos entre a Poutena e a pista de Águeda , encontrando-se ao seu mais alto nível , e foi na véspera da sua partida para a Letónia que fomos conversar com o piloto da equipa Motogomes-Honda/Cepsa que conta com o apoio do nosso Jornal .
ir	Confortavelmente sentadas à sombra , fomos encontrar duas irmãs que ainda são do tempo em que a feira se realizava todos os meses , recordando que a primeira pessoa a chegar « era sempre o tolinho da Lentisqueira » , uma figura típica , que apesar de já ter falecido há algum tempo , é ainda lembrado em várias localidades vizinhas , inclusive pelos mais novos .
ir	O nosso principal entrave é sermos diferentes , Não fomos atrás da onda , temos uma identidade muito própria e quando assim é só com muita persistência é que se conseguem atingir as metas » , conclui Mónica Gil .
ir	Ontem fomos encontrar João Patriarca com "a tarefa facilitada ", já que o tempo encoberto fez com que , até meio da tarde , tenham sido vendidos apenas 57 ingressos para uma piscina cuja lotação é de 500 utentes .
ser	« Coincidência , ou não , assim que mudámos para as novas instalações fomos assaltados » , refere .
ser	Claro que preferíamos que nos pagassem tudo , mas mesmo assim valeu a pena a luta , porque fomos nós que ganhamos .
ir	Ontem à tarde fomos encontrá-la a gravar a morte da sua homónima .
ser	De acordo com o Chefe de Estado Maior da Força Aérea , « isso criou dificuldades logísticas que nunca fomos capazes de ultrapassar e de facto , isso é um ponto para melhor ponderação no futuro da Força Aérea .
ir	Há cerca de 15 dias fomos enterrar dois suínos na zona de Alqueidão da Serra acontece muitas vezes » , salientou , com indignação .
ser	Admitindo que , até agora , a luta da população deu frutos « como a promessa verbal da ligação entre a A-8 e a A-1 » , António Carvalho desabafa que « os únicos a perder fomos nós » .
ser	Achamos que podemos ser úteis ao Serviço Nacional de Protecção Civil , como já o fomos nalgumas situações .
ser	O socialista Paulo Fonseca esclarece que « fomos apanhados de surpresa .
ser	« Agora , até fomos contactados pelo senhor Medeiros , o que foi uma surpresa agradável » , sublinha .
ir	Na ocasião , tivemos autorização da Câmara Municipal para isso , mas este ano , quando fomos pedir , tivemo-la negada » , explicou Fernanda Carvalho , da administração .
ir	Anteontem fomos pedir um papel assinado e carimbado para justificar estes dias sem trabalhar e ele disse-nos que não dava .
ir	Bom , eles tiveram que se render e fomos prendê-los na fábrica velha (fábrica nacional) ", relata , com orgulho e paixão , José Mendes .
?#	« Fomos roubados e agredidos , fomos para o médico e à polícia , a minha mulher ainda teve que ir para o Hospital de Leiria e agora o que nos resta é ir ao juiz e esperar » .
ir	Pegámos nos calções e na toalha e fomos fazer a nossa inauguração privada da novíssima piscina de Leiria .
ir	Embora sublinhando que não está contra a AFL , o líder do GRAP vai acrescentando « já o ano passado com a outra Direcção tivemos problemas : fomos com os juniores a Ansião e houve cenas de pancadaria no final que são sempre tratadas de maneira soft pelos responsáveis , ou seja , o caso foi arquivado graças a uma amnistia e ficou por ali » .
ir	Em conversas que fomos tendo , ao longo dos tempos , as sensibilidades sempre estiveram extremadas entre o amor e ódio .
ser	Nós fomos contratados pela Câmara Municipal de Leiria através da empresa Select .
ser	São as outras classes que depois têm de compensar » Nada melhor para constatar os sucessos do clube do que os resultados práticos dos seus atletas e aí a boa carreira dos academistas salta à vista , « fomos campeões nacionais da quarta divisão e temos regularmente atletas nas finais nacionais .
ir	Com todo o mérito fomos ganhar a Guimarães , tal como a Braga e o Bessa , numa fase em que ninguém acreditava em nós .
ir	Um jogador assim não consegue impor-se de imediato , pois o ritmo competitivo leva o seu tempo a ser recuperado Progressivamente fomos melhorando , a equipa está bem no seu todo , e a defesa não é mais que um compartimento .
ir	Talvez derivado a isso fui convidado a renovar e a partir daí fomos buscar elementos que representaram mais valias para o grupo de trabalho .
ir	Todavia , a partir do momento em que , com um excelente balneário e com total mérito dos atletas , quer nos treinos quer nos jogos , fomos aos poucos acreditando que tudo era possível .
ir	Jogo após jogo fomos andando no primeiro lugar , desde a primeira jornada que isso acontece , fomos trabalhando cada vez com mais responsabilidade e disciplina , e agora já consideramos que seria frustrante não conseguimos o título .
ser	Alguns disseram ao Diário de Leiria que o desprezo dos autarcas pelos habitantes daquela rua é tanto que « ainda não fomos sequer visitados por um único membro da autarquia .
ir	Primeiro foi no Braga , onde a 12 jornadas do fim estava em último e fomos parar ao nono lugar ; depois foi no Marítimo , também em último , e dois meses e meio de pois , antes de ir para o Benfica , estava em sétimo lugar , e agora no União de Leiria , que fomos do penúltimo lugar para o décimo lugar .
ir	Tenho boas recordações da Urgeiriça , já que no ano em que vim para Leiria fomos para lá e subimos de divisão .
ser	Para uma época que se espera menos atribulada do que a anterior , na opinião de Paulo Duarte , « os resultados , no ano passado , falharam logo no início e quando assim é torna-se difícil manter bons níveis de moral na equipa » , no entanto a segunda volta foi brilhante « fizemos uma segunda volta em que fomos a terceira equipa que amealhou mais pontos » , segundo o defesa leiriense , « tudo se deveu a um esforço conjunto que é preciso levar para o início desta época » .
ir	Fizemos também o nosso pequeno treino uma vez que fomos do hotel até ao pinhal , onde se encontrava o plantel , a pé ...
ser	Então fomos nós que contribuímos para que a Câmara fosse PS , e agora fazem-nos uma coisa destas ?
ser	« Durante décadas fomos imigrantes , reivindicámos os nossos direitos » , disse Rui Pedro , salientando que em Portugal « há populações , minorias que também têm exigências pastorais e exigem um modo particular de fazermos Igreja » .
ser	As equipas favoritas na série eram o Meirinhas e o Praia da Vieira , mas quando chegámos à parte final e vimos que tínhamos hipóteses , então sim atacámos a subida e fomos felizes .
ser	« Ainda ontem fomos chamados à Praia da Povoeira a partir do número dispobilizado , mas felizmente não ocorreu nenhum acidente » , disse este responsável ao Diário de Leiria .
ser	Não é por acaso que fomos convidados para estar presentes na Volta ao Algarve recentemente disputada .
ser	Hilário Sousa , natural de Mata dos Milagres , um dos elementos da organização da "Feira dos 14" , vestido a rigor -- com o traje do Rancho Folclórico da Mata dos Milagres , também aproveitou o dia para fazer negócio , apresentando mel e periquitos « Como fomos nós que organizámos a feira tivemos a preocupação de trazer todos os sectores de actividade , desde animais , a hortaliça , passando pela venda de bebidas » , explicou .
ser	« De facto fomos a melhor equipa do torneio , conseguindo mostrar um bom futebol , no entanto temos que assentar os pés bem no chão , porque temos que continuar a trabalhar muito para alcançar uma boa prestação no campeonato » .
ser	Voltando à GNR de Viseu , fomos informados de que a vítima mortal se encontrava a pescar , acompanhada por uma outra pessoa , que se estava ligeiramente afastada .
ir	Depois os resultados começaram a aparecer , os jogadores começaram a motivar-se e fomos subindo na tabela , ficamos a 4, 5 pontos dos primeiros lugares e como é normal a equipa viu o primeiro lugar nos horizontes .
ser	Mas quero dizer-lhe um coisa muito importante , a equipa só caiu na parte final , porque fomos nitidamente empurrados para lá .
ser	Praticamente , todas as equipas da primeira distrital são equipas de cidades ou de vilas , têm as rádios a apoiá-las , e nós não temos ninguém a apoiar-nos e fomos muitas vezes prejudicados incrivelmente pelas arbitragens .
ir	O técnico viseense está consciente das dificuldades : « por aquilo que já nos fomos apercebendo , há várias equipas a assumir essa candidatura , mas vamos fazer todos os possíveis para reunir um conjunto de jogadores para fazer face a essas dificuldades » .
ir	Éramos para ir de autocarro e fomos de avião .
ser	Quanto ao Paivense , não se pode queixar das arbitragens e também não podemos dizer que fomos beneficiados aqui ou acolá .
ser	À pergunta , sobre então qual era a preocupação do Pp e , nomeadamente manifestadas pelo dirigente da Distrital , Helder Amaral , em rádios locais , fomos informados de que era « zero » .
ser	O delegado ao jogo do Parada de Gonta , Rodrigo Xavier , diz que , com toda a situação criada « fomos prejudicados » , uma vez que « o árbitro estava intimidado , tendo expulsado dois dos nossos jogadores , sem sabermos qual a razão » , além de que « os atletas do Vale de Açores foram violentos » .
ser	Apesar dos esforços por nós realizados , para contactar , quer o presidente da Câmara Municipal de Tondela , quer Fernando Peixinho de Cristo , director da DRAC , fomos informados de que o primeiro se encontrava no estrangeiro e , o segundo , de visita a uns familiares , em Lisboa .
ser	Segundo fomos informados , na altura o trânsito estava a ser desviado para a estrada que liga Santa Comba Dão à Mealhada e que vai dar à auto-estrada Lisboa/Porto .
ser	Quanto à possível poluição proveniente das cubas de polimento , fomos informados que a « existir algum problema » ele « não passará por aí » , porque os resíduos de latão , provenientes dessa operação « são insignificantes » .
ser	Se Marco Almeida foi desclassificado por ter tocado noutro concorrente , e fomos testemunhas oculares do ocorrido , também um outro concorrente , numa das mangas deveria ter sido desclassificado por ter "empurrado " Ramiro Almeida para fora da pista .
ser	segundo fomos informados .
ser	IBL ainda não comparticipou " Por isso é que fomos obrigados a escolher a firma que hoje está a construir a biblioteca ", sustenta Américo Nunes .
ser	Segundo fomos informados , « haverá também programas variados , tais como conferências , mesas redondas , concertos » , todos eles « directamente relacionados com a temática da iniciativa » .
ser	Afinal , fomos nós que tivemos direito a guarda de honra !
ser	Em contacto com o respectivo presidente do Conselho Executivo , José Dias Gabriel , fomos informados que « o aquecimento eléctrico na escola trabalha apenas a 40% » , para acrescentar ter a Direcção Regional de Educação do Norte (DREN) « prometido resolver o problema com a instalação de aquecimento central » .
ser	O nosso Jornal tentou entrar em contacto com Jon Velasco , não tendo sido possível , por se encontrar ausente do país , conforme fomos informados pelo Gabinete de Relações Públicas da "HUF " Portuguesa , Fábrica de Componentes para o Automóvel , Lda.
ser	« Só num dia fomos chamados para combater 25 incêndios em diversas casas no centro de Díli » , recorda João Morais .
ser	Isto quer dizer que os 133 bolseiros da Escola Superior de Enfermagem de Viseu (ESEV) num universo de 310 alunos -- estão prestes a receber o dinheiro que não vêem desde Setembro do ano passado » , ou seja , há seis meses , segundo fomos informados pela vice-presidente da Associação de Estudantes da ESEV , Mariana Silva .
ser	É que de um e do outro lado do Rio de Moínhos , existem duas pedreiras e pela milenar ponte passam máquinas pesadas , assim como camionetas carregadas de pedra , segundo fomos informados por fontes que pediram para ficar no anonimato .
ser	Depois , « sinceramente não percebo o stress que está envolvido neste caso , já que tanto o presidente da Junta de Freguesia de Vide , como eu , fomos informados ao mesmo tempo da importância das gravuras , tendo sido isto há apenas dois meses .
ser	Tal como o nosso Jornal já tinha noticiado , fomos nomeados para a categoria de Comunicação Social e a verdade é que nós fomos os vencedores .
ser	Vínhamos para ganhar o jogo , mas não conseguimos materializar as oportunidades que criámos , uma vez que fomos a equipa que mais procurou a vitória .
ser	Não tenho a mínima dúvida de que fomos os melhores e uns justos vencedores .
ser	Quisemos falar com Bandeira Pinho sobre a matéria , o que não foi possível , por estar doente e de cama , conforme fomos informados pelo seu gabinete de apoio .
ir	Este casal tem esperança que um novo bairro social que está a ser construído no bairro da Pomba , perto do Hospital , seja a sua nova habitação , comentando que « já lá fomos ver o andamento da obra ; talvez daqui a um ano e meio as casas estejam prontas e espero que uma delas seja para nós » .
ser	E gracejou : « se um pedaço de tecto caía em cima de um civil , matando-o , como é que íamos enfrentar a opinião pública e convençê-la de que não fomos nós quem matou a pessoa em questão » Actualmente , o comissário congratula-se com o trabalho feito , pois « desde Maio que as instalações possuem os requisitos mínimos de segurança e , desde então , já recebemos a visita de mais de mil crianças » .
ir	Ele aceitou dar-me o costume , que era mil e quinhentos escudos , e então lá fomos .
ser	Devo , no entanto , recordar que em 1998 e 1999 fomos altamente prejudicados e fustigados por incêndios .
ser	Até agora , ainda não fomos fiscalizados.
ser	Pronto , fomos ingressados neste curso da Teoria da Literatura e em princípio achei muito difícil , porque nós não tínhamos conhecido a literatura clássica , não é , de Portugal , e não tínhamos muito conhecimento sobre a história literária porque nosso curso que nós tivemos ...
ir	Aí nós ficamos lá , e depois nós fomos na casa da , primeira casa que nós fomos , à noite .
ir	Tio Zeca empurrou uma das meias portas , entramos os três , ele tornou a cerrá-la , meteu-se pelo corredor e fomos à sala de jantar e à alcova .
ir	Bem , lá fomos .
ir	Não cabíamos , fomos a cavalo uns nos </corr> outros .
ir	Acabámos de comer , fomos para o pátio , tínhamos uma hora de recreio lá no recinto da prisão , cá para fora não se via nada .
ser	E nós fomos contratados pra fazer um show lá .
ir	Eu saí aproximadamente com 1 ano , 2 anos , não me lembro , e fomos pra Recife .
ir	« Está bom » Nós fomos e pegamos o guia , eu disse .
ir	Durante um ano , mais ou menos , nós fomos a todas as reuniões .
ir	Aí fizemos uma reunião rápida , tira Antônio presidente , tira eu -- que sou Francisco , mas todo mundo me chama de Chagas , na realidade o nome de guerra é Chagas , tira Chagas vice-presidente , tira o Aldair -- ele hoje inclusive está aqui comigo -- tesoureiro , tira o Trajino fiscal , e assim fomos .
ir	E assim nós fomos convivendo durante algum tempo .
ir	Aí fomos com essa idéia do corredor .
ser	Então quem fez a caracterização não fomos nós .
ir	Depois , fomos na Química mesmo , eles deram o papel para tirar chapa de pulmão , e depois ir para a Têxtil fazer exame médico .
ir	Aí fomos pra lá , pra Tchecoslováquia , e realmente foi muito legal .
ser	Nós fomos expulsos da cidade .
ser	E , no entanto , fomos fichados , eu fui considerado como pertencente ao Partido Comunista .
ser	veio a anistia em agosto nós fomos libertados e nós nos reintegramos à .
ser	Isso já era na DPZ , nós fomos procurados pelo Roberto Klabin , que era amigo nosso , a gente sempre morou perto .
ir	Depois , fomos mudando .
ir	Eu acho que a gente participou , o Cláudio Beccaccia , a Nide , a gente foi pra -- esquecemos um pouco os nossos grupos -- e fomos cuidar disso , das nossas questões ambientais e nos empenhamos nessa redemocratização que eu acho que foi uma luta bonita também .
ir	E hoje , que é sexta-feira , primeiro dia de maio , pela manhã , saímos em terra , com nossa bandeira ; e fomos desembarcar acima do rio contra o sul , onde nos pareceu que seria melhor chantar a Cruz , para melhor ser vista .
ser	Esquecíamo-nos de que fomos os primeiros descobridores das riquezas de todo o mundo , e que nossos galeões foram os que primeiro surgiram em portos da ásia , da áfrica e da América .
ir	Não assim este grupo mais separado com que fomos topar .
ir	Damasceno , que vinha ao pé de nós , percebeu o que era e adiantou-se alvoroçado ; nós fomos atrás dele .
ser	Conhecemo-lo quando veio de Minas , e fomos , por assim dizer , o seu guia no Rio de Janeiro , aonde não voltara desde longos anos .
ir	Latão : Não sabeis quão longe fomos !
ser	Não fomos tão fortes a partir do penalti , que como é evidente foi o que nos prejudicou neste jogo » , afirmou .
